<?xml version="1.0" encoding="UTF-8"?>
<!-- Generated by org.testng.reporters.JUnitReportReporter -->
<testsuite hostname="DESKTOP-F6KJ1VL" failures="0" tests="3" name="Adactin_Test.AdactinTest" time="10.046" errors="0" timestamp="2023-09-29T20:50:40 PDT" skipped="2">
  <testcase classname="Adactin_Test.AdactinTest" name="BookHotel" time="10.046"/>
  <testcase classname="Adactin_Test.AdactinTest" name="verifyuser">
    <skipped/>
  </testcase> <!-- verifyuser -->
  <testcase classname="Adactin_Test.AdactinTest" name="verifyTitle">
    <skipped/>
  </testcase> <!-- verifyTitle -->
</testsuite> <!-- Adactin_Test.AdactinTest -->
