<?xml version="1.0" encoding="UTF-8"?>
<!-- Generated by org.testng.reporters.JUnitReportReporter -->
<testsuite hostname="DESKTOP-F6KJ1VL" failures="0" tests="2" name="Fileupload_Test.Upload_Test" time="3.879" errors="0" timestamp="2023-09-30T19:42:31 PDT" skipped="0">
  <testcase classname="Fileupload_Test.Upload_Test" name="selectpdf" time="2.631"/>
  <testcase classname="Fileupload_Test.Upload_Test" name="clcikdownloadword" time="1.248"/>
</testsuite> <!-- Fileupload_Test.Upload_Test -->
